# JRE version: OpenJDK Runtime Environment Temurin-21.0.6+7 (21.0.6+7) (build 21.0.6+7-LTS)
# Java VM: OpenJDK 64-Bit Server VM Temurin-21.0.6+7 (21.0.6+7-LTS, mixed mode, sharing, tiered, compressed oops, compressed class ptrs, g1 gc, windows-amd64)
GC Precious Log:
 CardTable entry size: 512
 Card Set container configuration: InlinePtr #cards 4 size 8 Array Of Cards #cards 64 size 144 Howl #buckets 8 coarsen threshold 14745 Howl Bitmap #cards 2048 size 272 coarsen threshold 1843 Card regions per heap region 1 cards per card region 16384
 CPUs: 22 total, 22 available
 Memory: 64956M
 Large Page Support: Disabled
 NUMA Support: Disabled
 Compressed Oops: Enabled (Zero based)
 Heap Region Size: 8M
 Heap Min Capacity: 8M
 Heap Initial Capacity: 1016M
 Heap Max Capacity: 16240M
 Pre-touch: Disabled
 Parallel Workers: 16
 Concurrent Workers: 4
 Concurrent Refinement Workers: 16
 Periodic GC: Disabled
Heap:
 garbage-first heap   total 327680K, used 251046K [0x0000000409000000, 0x0000000800000000)
  region size 8192K, 22 young (180224K), 2 survivors (16384K)
 Metaspace       used 113412K, committed 114496K, reserved 1179648K
  class space    used 14353K, committed 14848K, reserved 1048576K
GC Heap History (20 events):
Event: 578.231 GC heap before
{Heap before GC invocations=41 (full 2):
 garbage-first heap   total 303104K, used 246472K [0x0000000409000000, 0x0000000800000000)
  region size 8192K, 22 young (180224K), 2 survivors (16384K)
 Metaspace       used 111455K, committed 112512K, reserved 1179648K
  class space    used 14267K, committed 14784K, reserved 1048576K
}
Event: 578.236 GC heap after
{Heap after GC invocations=42 (full 2):
 garbage-first heap   total 303104K, used 77626K [0x0000000409000000, 0x0000000800000000)
  region size 8192K, 1 young (8192K), 1 survivors (8192K)
 Metaspace       used 111455K, committed 112512K, reserved 1179648K
  class space    used 14267K, committed 14784K, reserved 1048576K
}
Event: 578.716 GC heap before
{Heap before GC invocations=42 (full 2):
 garbage-first heap   total 303104K, used 77626K [0x0000000409000000, 0x0000000800000000)
  region size 8192K, 2 young (16384K), 1 survivors (8192K)
 Metaspace       used 111473K, committed 112576K, reserved 1179648K
  class space    used 14268K, committed 14784K, reserved 1048576K
}
Event: 578.792 GC heap after
{Heap after GC invocations=43 (full 3):
 garbage-first heap   total 278528K, used 70110K [0x0000000409000000, 0x0000000800000000)
  region size 8192K, 0 young (0K), 0 survivors (0K)
 Metaspace       used 111467K, committed 112576K, reserved 1179648K
  class space    used 14267K, committed 14784K, reserved 1048576K
}
Event: 579.659 GC heap before
{Heap before GC invocations=43 (full 3):
 garbage-first heap   total 278528K, used 225758K [0x0000000409000000, 0x0000000800000000)
  region size 8192K, 20 young (163840K), 0 survivors (0K)
 Metaspace       used 111680K, committed 112768K, reserved 1179648K
  class space    used 14280K, committed 14784K, reserved 1048576K
}
Event: 579.664 GC heap after
{Heap after GC invocations=44 (full 3):
 garbage-first heap   total 278528K, used 78779K [0x0000000409000000, 0x0000000800000000)
  region size 8192K, 2 young (16384K), 2 survivors (16384K)
 Metaspace       used 111680K, committed 112768K, reserved 1179648K
  class space    used 14280K, committed 14784K, reserved 1048576K
}
Event: 580.122 GC heap before
{Heap before GC invocations=45 (full 3):
 garbage-first heap   total 278528K, used 218043K [0x0000000409000000, 0x0000000800000000)
  region size 8192K, 19 young (155648K), 2 survivors (16384K)
 Metaspace       used 112140K, committed 113280K, reserved 1179648K
  class space    used 14302K, committed 14848K, reserved 1048576K
}
Event: 580.128 GC heap after
{Heap after GC invocations=46 (full 3):
 garbage-first heap   total 278528K, used 83745K [0x0000000409000000, 0x0000000800000000)
  region size 8192K, 2 young (16384K), 2 survivors (16384K)
 Metaspace       used 112140K, committed 113280K, reserved 1179648K
  class space    used 14302K, committed 14848K, reserved 1048576K
}
Event: 580.407 GC heap before
{Heap before GC invocations=46 (full 3):
 garbage-first heap   total 278528K, used 223009K [0x0000000409000000, 0x0000000800000000)
  region size 8192K, 19 young (155648K), 2 survivors (16384K)
 Metaspace       used 112174K, committed 113280K, reserved 1179648K
  class space    used 14305K, committed 14848K, reserved 1048576K
}
Event: 580.418 GC heap after
{Heap after GC invocations=47 (full 3):
 garbage-first heap   total 278528K, used 87484K [0x0000000409000000, 0x0000000800000000)
  region size 8192K, 2 young (16384K), 2 survivors (16384K)
 Metaspace       used 112174K, committed 113280K, reserved 1179648K
  class space    used 14305K, committed 14848K, reserved 1048576K
}
Event: 580.738 GC heap before
{Heap before GC invocations=47 (full 3):
 garbage-first heap   total 278528K, used 218556K [0x0000000409000000, 0x0000000800000000)
  region size 8192K, 18 young (147456K), 2 survivors (16384K)
 Metaspace       used 112185K, committed 113280K, reserved 1179648K
  class space    used 14305K, committed 14848K, reserved 1048576K
}
Event: 580.750 GC heap after
{Heap after GC invocations=48 (full 3):
 garbage-first heap   total 434176K, used 90332K [0x0000000409000000, 0x0000000800000000)
  region size 8192K, 2 young (16384K), 2 survivors (16384K)
 Metaspace       used 112185K, committed 113280K, reserved 1179648K
  class space    used 14305K, committed 14848K, reserved 1048576K
}
Event: 582.845 GC heap before
{Heap before GC invocations=49 (full 3):
 garbage-first heap   total 360448K, used 213212K [0x0000000409000000, 0x0000000800000000)
  region size 8192K, 18 young (147456K), 2 survivors (16384K)
 Metaspace       used 112368K, committed 113536K, reserved 1179648K
  class space    used 14307K, committed 14848K, reserved 1048576K
}
Event: 582.910 GC heap after
{Heap after GC invocations=50 (full 4):
 garbage-first heap   total 327680K, used 76290K [0x0000000409000000, 0x0000000800000000)
  region size 8192K, 0 young (0K), 0 survivors (0K)
 Metaspace       used 112362K, committed 113536K, reserved 1179648K
  class space    used 14306K, committed 14848K, reserved 1048576K
}
Event: 583.760 GC heap before
{Heap before GC invocations=50 (full 4):
 garbage-first heap   total 327680K, used 272898K [0x0000000409000000, 0x0000000800000000)
  region size 8192K, 24 young (196608K), 0 survivors (0K)
 Metaspace       used 112726K, committed 113856K, reserved 1179648K
  class space    used 14328K, committed 14848K, reserved 1048576K
}
Event: 583.768 GC heap after
{Heap after GC invocations=51 (full 4):
 garbage-first heap   total 327680K, used 86261K [0x0000000409000000, 0x0000000800000000)
  region size 8192K, 2 young (16384K), 2 survivors (16384K)
 Metaspace       used 112726K, committed 113856K, reserved 1179648K
  class space    used 14328K, committed 14848K, reserved 1048576K
}
Event: 584.261 GC heap before
{Heap before GC invocations=52 (full 4):
 garbage-first heap   total 327680K, used 266485K [0x0000000409000000, 0x0000000800000000)
  region size 8192K, 24 young (196608K), 2 survivors (16384K)
 Metaspace       used 112978K, committed 114048K, reserved 1179648K
  class space    used 14337K, committed 14848K, reserved 1048576K
}
Event: 584.267 GC heap after
{Heap after GC invocations=53 (full 4):
 garbage-first heap   total 327680K, used 91813K [0x0000000409000000, 0x0000000800000000)
  region size 8192K, 2 young (16384K), 2 survivors (16384K)
 Metaspace       used 112978K, committed 114048K, reserved 1179648K
  class space    used 14337K, committed 14848K, reserved 1048576K
}
Event: 584.671 GC heap before
{Heap before GC invocations=53 (full 4):
 garbage-first heap   total 327680K, used 272037K [0x0000000409000000, 0x0000000800000000)
  region size 8192K, 24 young (196608K), 2 survivors (16384K)
 Metaspace       used 113018K, committed 114112K, reserved 1179648K
  class space    used 14340K, committed 14848K, reserved 1048576K
}
Event: 584.682 GC heap after
{Heap after GC invocations=54 (full 4):
 garbage-first heap   total 327680K, used 95398K [0x0000000409000000, 0x0000000800000000)
  region size 8192K, 2 young (16384K), 2 survivors (16384K)
 Metaspace       used 113018K, committed 114112K, reserved 1179648K
  class space    used 14340K, committed 14848K, reserved 1048576K
}

