# JRE version: OpenJDK Runtime Environment Temurin-21.0.6+7 (21.0.6+7) (build 21.0.6+7-LTS)
# Java VM: OpenJDK 64-Bit Server VM Temurin-21.0.6+7 (21.0.6+7-LTS, mixed mode, sharing, tiered, compressed oops, compressed class ptrs, g1 gc, windows-amd64)
GC Precious Log:
 CardTable entry size: 512
 Card Set container configuration: InlinePtr #cards 4 size 8 Array Of Cards #cards 64 size 144 Howl #buckets 8 coarsen threshold 14745 Howl Bitmap #cards 2048 size 272 coarsen threshold 1843 Card regions per heap region 1 cards per card region 16384
 CPUs: 22 total, 22 available
 Memory: 64956M
 Large Page Support: Disabled
 NUMA Support: Disabled
 Compressed Oops: Enabled (Zero based)
 Heap Region Size: 8M
 Heap Min Capacity: 8M
 Heap Initial Capacity: 1016M
 Heap Max Capacity: 16240M
 Pre-touch: Disabled
 Parallel Workers: 16
 Concurrent Workers: 4
 Concurrent Refinement Workers: 16
 Periodic GC: Disabled
Heap:
 garbage-first heap   total 393216K, used 125167K [0x0000000409000000, 0x0000000800000000)
  region size 8192K, 9 young (73728K), 2 survivors (16384K)
 Metaspace       used 101655K, committed 102720K, reserved 1179648K
  class space    used 13061K, committed 13568K, reserved 1048576K
GC Heap History (20 events):
Event: 478.471 GC heap before
{Heap before GC invocations=37 (full 2):
 garbage-first heap   total 221184K, used 173061K [0x0000000409000000, 0x0000000800000000)
  region size 8192K, 15 young (122880K), 2 survivors (16384K)
 Metaspace       used 99476K, committed 100480K, reserved 1179648K
  class space    used 12984K, committed 13440K, reserved 1048576K
}
Event: 478.485 GC heap after
{Heap after GC invocations=38 (full 2):
 garbage-first heap   total 221184K, used 69008K [0x0000000409000000, 0x0000000800000000)
  region size 8192K, 1 young (8192K), 1 survivors (8192K)
 Metaspace       used 99476K, committed 100480K, reserved 1179648K
  class space    used 12984K, committed 13440K, reserved 1048576K
}
Event: 479.183 GC heap before
{Heap before GC invocations=38 (full 2):
 garbage-first heap   total 221184K, used 191888K [0x0000000409000000, 0x0000000800000000)
  region size 8192K, 16 young (131072K), 1 survivors (8192K)
 Metaspace       used 99563K, committed 100672K, reserved 1179648K
  class space    used 12989K, committed 13504K, reserved 1048576K
}
Event: 479.193 GC heap after
{Heap after GC invocations=39 (full 2):
 garbage-first heap   total 630784K, used 72504K [0x0000000409000000, 0x0000000800000000)
  region size 8192K, 2 young (16384K), 2 survivors (16384K)
 Metaspace       used 99563K, committed 100672K, reserved 1179648K
  class space    used 12989K, committed 13504K, reserved 1048576K
}
Event: 481.723 GC heap before
{Heap before GC invocations=39 (full 2):
 garbage-first heap   total 630784K, used 211768K [0x0000000409000000, 0x0000000800000000)
  region size 8192K, 20 young (163840K), 2 survivors (16384K)
 Metaspace       used 99801K, committed 100864K, reserved 1179648K
  class space    used 12995K, committed 13504K, reserved 1048576K
}
Event: 481.816 GC heap after
{Heap after GC invocations=40 (full 3):
 garbage-first heap   total 327680K, used 62002K [0x0000000409000000, 0x0000000800000000)
  region size 8192K, 0 young (0K), 0 survivors (0K)
 Metaspace       used 99798K, committed 100864K, reserved 1179648K
  class space    used 12994K, committed 13504K, reserved 1048576K
}
Event: 483.431 GC heap before
{Heap before GC invocations=40 (full 3):
 garbage-first heap   total 327680K, used 258610K [0x0000000409000000, 0x0000000800000000)
  region size 8192K, 24 young (196608K), 0 survivors (0K)
 Metaspace       used 100219K, committed 101248K, reserved 1179648K
  class space    used 13009K, committed 13504K, reserved 1048576K
}
Event: 483.439 GC heap after
{Heap after GC invocations=41 (full 3):
 garbage-first heap   total 327680K, used 71877K [0x0000000409000000, 0x0000000800000000)
  region size 8192K, 2 young (16384K), 2 survivors (16384K)
 Metaspace       used 100219K, committed 101248K, reserved 1179648K
  class space    used 13009K, committed 13504K, reserved 1048576K
}
Event: 484.338 GC heap before
{Heap before GC invocations=42 (full 3):
 garbage-first heap   total 327680K, used 252101K [0x0000000409000000, 0x0000000800000000)
  region size 8192K, 24 young (196608K), 2 survivors (16384K)
 Metaspace       used 100380K, committed 101376K, reserved 1179648K
  class space    used 13016K, committed 13504K, reserved 1048576K
}
Event: 484.357 GC heap after
{Heap after GC invocations=43 (full 3):
 garbage-first heap   total 327680K, used 75091K [0x0000000409000000, 0x0000000800000000)
  region size 8192K, 2 young (16384K), 2 survivors (16384K)
 Metaspace       used 100380K, committed 101376K, reserved 1179648K
  class space    used 13016K, committed 13504K, reserved 1048576K
}
Event: 485.762 GC heap before
{Heap before GC invocations=43 (full 3):
 garbage-first heap   total 327680K, used 255315K [0x0000000409000000, 0x0000000800000000)
  region size 8192K, 24 young (196608K), 2 survivors (16384K)
 Metaspace       used 100618K, committed 101632K, reserved 1179648K
  class space    used 13025K, committed 13504K, reserved 1048576K
}
Event: 485.769 GC heap after
{Heap after GC invocations=44 (full 3):
 garbage-first heap   total 327680K, used 71311K [0x0000000409000000, 0x0000000800000000)
  region size 8192K, 2 young (16384K), 2 survivors (16384K)
 Metaspace       used 100618K, committed 101632K, reserved 1179648K
  class space    used 13025K, committed 13504K, reserved 1048576K
}
Event: 487.472 GC heap before
{Heap before GC invocations=44 (full 3):
 garbage-first heap   total 327680K, used 112271K [0x0000000409000000, 0x0000000800000000)
  region size 8192K, 8 young (65536K), 2 survivors (16384K)
 Metaspace       used 100691K, committed 101696K, reserved 1179648K
  class space    used 13027K, committed 13504K, reserved 1048576K
}
Event: 487.568 GC heap after
{Heap after GC invocations=45 (full 4):
 garbage-first heap   total 303104K, used 67106K [0x0000000409000000, 0x0000000800000000)
  region size 8192K, 0 young (0K), 0 survivors (0K)
 Metaspace       used 100688K, committed 101696K, reserved 1179648K
  class space    used 13027K, committed 13504K, reserved 1048576K
}
Event: 489.076 GC heap before
{Heap before GC invocations=45 (full 4):
 garbage-first heap   total 303104K, used 239138K [0x0000000409000000, 0x0000000800000000)
  region size 8192K, 22 young (180224K), 0 survivors (0K)
 Metaspace       used 101084K, committed 102144K, reserved 1179648K
  class space    used 13041K, committed 13568K, reserved 1048576K
}
Event: 489.085 GC heap after
{Heap after GC invocations=46 (full 4):
 garbage-first heap   total 303104K, used 76346K [0x0000000409000000, 0x0000000800000000)
  region size 8192K, 2 young (16384K), 2 survivors (16384K)
 Metaspace       used 101084K, committed 102144K, reserved 1179648K
  class space    used 13041K, committed 13568K, reserved 1048576K
}
Event: 489.883 GC heap before
{Heap before GC invocations=47 (full 4):
 garbage-first heap   total 303104K, used 231994K [0x0000000409000000, 0x0000000800000000)
  region size 8192K, 21 young (172032K), 2 survivors (16384K)
 Metaspace       used 101249K, committed 102336K, reserved 1179648K
  class space    used 13048K, committed 13568K, reserved 1048576K
}
Event: 489.897 GC heap after
{Heap after GC invocations=48 (full 4):
 garbage-first heap   total 393216K, used 79395K [0x0000000409000000, 0x0000000800000000)
  region size 8192K, 2 young (16384K), 2 survivors (16384K)
 Metaspace       used 101249K, committed 102336K, reserved 1179648K
  class space    used 13048K, committed 13568K, reserved 1048576K
}
Event: 491.053 GC heap before
{Heap before GC invocations=48 (full 4):
 garbage-first heap   total 393216K, used 292387K [0x0000000409000000, 0x0000000800000000)
  region size 8192K, 28 young (229376K), 2 survivors (16384K)
 Metaspace       used 101487K, committed 102592K, reserved 1179648K
  class space    used 13057K, committed 13568K, reserved 1048576K
}
Event: 491.064 GC heap after
{Heap after GC invocations=49 (full 4):
 garbage-first heap   total 393216K, used 76015K [0x0000000409000000, 0x0000000800000000)
  region size 8192K, 2 young (16384K), 2 survivors (16384K)
 Metaspace       used 101487K, committed 102592K, reserved 1179648K
  class space    used 13057K, committed 13568K, reserved 1048576K
}

